[debug] [2025-08-17T13:23:35.633Z] ----------------------------------------------------------------------
[debug] [2025-08-17T13:23:35.636Z] Command:       C:\Program Files\nodejs\node.exe C:\Users\ASUS\AppData\Roaming\npm\node_modules\firebase-tools\lib\bin\firebase.js init
[debug] [2025-08-17T13:23:35.636Z] CLI Version:   14.12.1
[debug] [2025-08-17T13:23:35.636Z] Platform:      win32
[debug] [2025-08-17T13:23:35.636Z] Node Version:  v22.16.0
[debug] [2025-08-17T13:23:35.637Z] Time:          Sun Aug 17 2025 18:53:35 GMT+0530 (India Standard Time)
[debug] [2025-08-17T13:23:35.637Z] ----------------------------------------------------------------------
[debug] 
[debug] [2025-08-17T13:23:35.641Z] > command requires scopes: ["email","openid","https://www.googleapis.com/auth/cloudplatformprojects.readonly","https://www.googleapis.com/auth/firebase","https://www.googleapis.com/auth/cloud-platform"]
[debug] [2025-08-17T13:23:35.641Z] > authorizing via signed-in user (varaprasad2403@gmail.com)
[info] 
     ######## #### ########  ######## ########     ###     ######  ########
     ##        ##  ##     ## ##       ##     ##  ##   ##  ##       ##
     ######    ##  ########  ######   ########  #########  ######  ######
     ##        ##  ##    ##  ##       ##     ## ##     ##       ## ##
     ##       #### ##     ## ######## ########  ##     ##  ######  ########

You're about to initialize a Firebase project in this directory:

  D:\final project\after_testing

[info] 
=== Project Setup
[info] 
[info] First, let's associate this project directory with a Firebase project.
[info] You can create multiple project aliases by running firebase use --add, 
[info] but for now we'll just set up a default project.
[info] 
[debug] [2025-08-17T13:29:09.187Z] Checked if tokens are valid: true, expires at: 1755440601822
[debug] [2025-08-17T13:29:09.188Z] Checked if tokens are valid: true, expires at: 1755440601822
[debug] [2025-08-17T13:29:09.192Z] >>> [apiv2][query] GET https://firebase.googleapis.com/v1beta1/projects pageSize=100
[debug] [2025-08-17T13:29:10.309Z] <<< [apiv2][status] GET https://firebase.googleapis.com/v1beta1/projects 200
[debug] [2025-08-17T13:29:10.309Z] <<< [apiv2][body] GET https://firebase.googleapis.com/v1beta1/projects [omitted]
[info] i  Using project finalproject-e2984 (FinalProject) 
[info] 
=== Firestore Setup
[info] i  firestore: ensuring required API firestore.googleapis.com is enabled... 
[debug] [2025-08-17T13:29:14.396Z] Checked if tokens are valid: true, expires at: 1755440601822
[debug] [2025-08-17T13:29:14.396Z] Checked if tokens are valid: true, expires at: 1755440601822
[debug] [2025-08-17T13:29:14.397Z] >>> [apiv2][query] GET https://serviceusage.googleapis.com/v1/projects/finalproject-e2984/services/firestore.googleapis.com [none]
[debug] [2025-08-17T13:29:14.397Z] >>> [apiv2][(partial)header] GET https://serviceusage.googleapis.com/v1/projects/finalproject-e2984/services/firestore.googleapis.com x-goog-quota-user=projects/finalproject-e2984
[debug] [2025-08-17T13:29:16.340Z] <<< [apiv2][status] GET https://serviceusage.googleapis.com/v1/projects/finalproject-e2984/services/firestore.googleapis.com 200
[debug] [2025-08-17T13:29:16.341Z] <<< [apiv2][body] GET https://serviceusage.googleapis.com/v1/projects/finalproject-e2984/services/firestore.googleapis.com [omitted]
[warn] !  firestore: missing required API firestore.googleapis.com. Enabling now... 
[debug] [2025-08-17T13:29:16.342Z] Checked if tokens are valid: true, expires at: 1755440601822
[debug] [2025-08-17T13:29:16.342Z] Checked if tokens are valid: true, expires at: 1755440601822
[debug] [2025-08-17T13:29:16.343Z] >>> [apiv2][query] POST https://serviceusage.googleapis.com/v1/projects/finalproject-e2984/services/firestore.googleapis.com:enable [none]
[debug] [2025-08-17T13:29:16.343Z] >>> [apiv2][(partial)header] POST https://serviceusage.googleapis.com/v1/projects/finalproject-e2984/services/firestore.googleapis.com:enable x-goog-quota-user=projects/finalproject-e2984
[debug] [2025-08-17T13:29:16.925Z] <<< [apiv2][status] POST https://serviceusage.googleapis.com/v1/projects/finalproject-e2984/services/firestore.googleapis.com:enable 200
[debug] [2025-08-17T13:29:16.925Z] <<< [apiv2][body] POST https://serviceusage.googleapis.com/v1/projects/finalproject-e2984/services/firestore.googleapis.com:enable [omitted]
[debug] [2025-08-17T13:29:26.948Z] Checked if tokens are valid: true, expires at: 1755440601822
[debug] [2025-08-17T13:29:26.948Z] Checked if tokens are valid: true, expires at: 1755440601822
[debug] [2025-08-17T13:29:26.948Z] >>> [apiv2][query] GET https://firestore.googleapis.com/v1/projects/finalproject-e2984/databases [none]
[debug] [2025-08-17T13:29:27.771Z] <<< [apiv2][status] GET https://firestore.googleapis.com/v1/projects/finalproject-e2984/databases 200
[debug] [2025-08-17T13:29:27.772Z] <<< [apiv2][body] GET https://firestore.googleapis.com/v1/projects/finalproject-e2984/databases {}
[debug] [2025-08-17T13:29:27.772Z] Checked if tokens are valid: true, expires at: 1755440601822
[debug] [2025-08-17T13:29:27.773Z] Checked if tokens are valid: true, expires at: 1755440601822
[debug] [2025-08-17T13:29:27.773Z] >>> [apiv2][query] GET https://firestore.googleapis.com/v1/projects/finalproject-e2984/locations [none]
[debug] [2025-08-17T13:29:27.964Z] <<< [apiv2][status] GET https://firestore.googleapis.com/v1/projects/finalproject-e2984/locations 200
[debug] [2025-08-17T13:29:27.964Z] <<< [apiv2][body] GET https://firestore.googleapis.com/v1/projects/finalproject-e2984/locations {"locations":[{"name":"projects/finalproject-e2984/locations/eur3","labels":{"appengine.googleapis.com/geo":"europe-west","cloud.googleapis.com/location":"eur3","cloud.googleapis.com/geo":"eur3"},"metadata":{"@type":"type.googleapis.com/google.firestore.admin.v1.LocationMetadata"},"locationId":"eur3","displayName":"Europe"},{"name":"projects/finalproject-e2984/locations/nam5","labels":{"appengine.googleapis.com/geo":"us-central","cloud.googleapis.com/location":"nam5","cloud.googleapis.com/geo":"nam5"},"metadata":{"@type":"type.googleapis.com/google.firestore.admin.v1.LocationMetadata"},"locationId":"nam5","displayName":"United States"},{"name":"projects/finalproject-e2984/locations/nam7","labels":{"cloud.googleapis.com/location":"nam7","cloud.googleapis.com/geo":"nam7"},"metadata":{"@type":"type.googleapis.com/google.firestore.admin.v1.LocationMetadata"},"locationId":"nam7","displayName":"United States"},{"name":"projects/finalproject-e2984/locations/africa-south1","labels":{"cloud.googleapis.com/location":"africa-south1","cloud.googleapis.com/region":"africa-south1"},"metadata":{"@type":"type.googleapis.com/google.firestore.admin.v1.LocationMetadata"},"locationId":"africa-south1","displayName":"Johannesburg"},{"name":"projects/finalproject-e2984/locations/asia-east1","labels":{"appengine.googleapis.com/region":"asia-east1","cloud.googleapis.com/location":"asia-east1","cloud.googleapis.com/region":"asia-east1"},"metadata":{"@type":"type.googleapis.com/google.firestore.admin.v1.LocationMetadata"},"locationId":"asia-east1","displayName":"Taiwan"},{"name":"projects/finalproject-e2984/locations/asia-east2","labels":{"appengine.googleapis.com/region":"asia-east2","cloud.googleapis.com/location":"asia-east2","cloud.googleapis.com/region":"asia-east2"},"metadata":{"@type":"type.googleapis.com/google.firestore.admin.v1.LocationMetadata"},"locationId":"asia-east2","displayName":"Hong Kong"},{"name":"projects/finalproject-e2984/locations/asia-northeast1","labels":{"appengine.googleapis.com/region":"asia-northeast1","cloud.googleapis.com/location":"asia-northeast1","cloud.googleapis.com/region":"asia-northeast1"},"metadata":{"@type":"type.googleapis.com/google.firestore.admin.v1.LocationMetadata"},"locationId":"asia-northeast1","displayName":"Tokyo"},{"name":"projects/finalproject-e2984/locations/asia-northeast2","labels":{"appengine.googleapis.com/region":"asia-northeast2","cloud.googleapis.com/location":"asia-northeast2","cloud.googleapis.com/region":"asia-northeast2"},"metadata":{"@type":"type.googleapis.com/google.firestore.admin.v1.LocationMetadata"},"locationId":"asia-northeast2","displayName":"Osaka"},{"name":"projects/finalproject-e2984/locations/asia-northeast3","labels":{"appengine.googleapis.com/region":"asia-northeast3","cloud.googleapis.com/location":"asia-northeast3","cloud.googleapis.com/region":"asia-northeast3"},"metadata":{"@type":"type.googleapis.com/google.firestore.admin.v1.LocationMetadata"},"locationId":"asia-northeast3","displayName":"Seoul"},{"name":"projects/finalproject-e2984/locations/asia-south1","labels":{"appengine.googleapis.com/region":"asia-south1","cloud.googleapis.com/location":"asia-south1","cloud.googleapis.com/region":"asia-south1"},"metadata":{"@type":"type.googleapis.com/google.firestore.admin.v1.LocationMetadata"},"locationId":"asia-south1","displayName":"Mumbai"},{"name":"projects/finalproject-e2984/locations/asia-south2","labels":{"cloud.googleapis.com/location":"asia-south2","cloud.googleapis.com/region":"asia-south2"},"metadata":{"@type":"type.googleapis.com/google.firestore.admin.v1.LocationMetadata"},"locationId":"asia-south2","displayName":"Delhi"},{"name":"projects/finalproject-e2984/locations/asia-southeast1","labels":{"appengine.googleapis.com/region":"asia-southeast1","cloud.googleapis.com/location":"asia-southeast1","cloud.googleapis.com/region":"asia-southeast1"},"metadata":{"@type":"type.googleapis.com/google.firestore.admin.v1.LocationMetadata"},"locationId":"asia-southeast1","displayName":"Singapore"},{"name":"projects/finalproject-e2984/locations/asia-southeast2","labels":{"appengine.googleapis.com/region":"asia-southeast2","cloud.googleapis.com/location":"asia-southeast2","cloud.googleapis.com/region":"asia-southeast2"},"metadata":{"@type":"type.googleapis.com/google.firestore.admin.v1.LocationMetadata"},"locationId":"asia-southeast2","displayName":"Jakarta"},{"name":"projects/finalproject-e2984/locations/australia-southeast1","labels":{"appengine.googleapis.com/region":"australia-southeast1","cloud.googleapis.com/location":"australia-southeast1","cloud.googleapis.com/region":"australia-southeast1"},"metadata":{"@type":"type.googleapis.com/google.firestore.admin.v1.LocationMetadata"},"locationId":"australia-southeast1","displayName":"Sydney"},{"name":"projects/finalproject-e2984/locations/australia-southeast2","labels":{"cloud.googleapis.com/location":"australia-southeast2","cloud.googleapis.com/region":"australia-southeast2"},"metadata":{"@type":"type.googleapis.com/google.firestore.admin.v1.LocationMetadata"},"locationId":"australia-southeast2","displayName":"Melbourne"},{"name":"projects/finalproject-e2984/locations/europe-central2","labels":{"appengine.googleapis.com/region":"europe-central2","cloud.googleapis.com/location":"europe-central2","cloud.googleapis.com/region":"europe-central2"},"metadata":{"@type":"type.googleapis.com/google.firestore.admin.v1.LocationMetadata"},"locationId":"europe-central2","displayName":"Warsaw"},{"name":"projects/finalproject-e2984/locations/europe-north1","labels":{"cloud.googleapis.com/location":"europe-north1","cloud.googleapis.com/region":"europe-north1"},"metadata":{"@type":"type.googleapis.com/google.firestore.admin.v1.LocationMetadata"},"locationId":"europe-north1","displayName":"Finland"},{"name":"projects/finalproject-e2984/locations/europe-north2","labels":{"cloud.googleapis.com/location":"europe-north2","cloud.googleapis.com/region":"europe-north2"},"metadata":{"@type":"type.googleapis.com/google.firestore.admin.v1.LocationMetadata"},"locationId":"europe-north2","displayName":"Stockholm"},{"name":"projects/finalproject-e2984/locations/europe-southwest1","labels":{"cloud.googleapis.com/location":"europe-southwest1","cloud.googleapis.com/region":"europe-southwest1"},"metadata":{"@type":"type.googleapis.com/google.firestore.admin.v1.LocationMetadata"},"locationId":"europe-southwest1","displayName":"Madrid"},{"name":"projects/finalproject-e2984/locations/europe-west1","labels":{"cloud.googleapis.com/location":"europe-west1","cloud.googleapis.com/region":"europe-west1"},"metadata":{"@type":"type.googleapis.com/google.firestore.admin.v1.LocationMetadata"},"locationId":"europe-west1","displayName":"Belgium"},{"name":"projects/finalproject-e2984/locations/europe-west10","labels":{"cloud.googleapis.com/location":"europe-west10","cloud.googleapis.com/region":"europe-west10"},"metadata":{"@type":"type.googleapis.com/google.firestore.admin.v1.LocationMetadata"},"locationId":"europe-west10","displayName":"Berlin"},{"name":"projects/finalproject-e2984/locations/europe-west12","labels":{"cloud.googleapis.com/location":"europe-west12","cloud.googleapis.com/region":"europe-west12"},"metadata":{"@type":"type.googleapis.com/google.firestore.admin.v1.LocationMetadata"},"locationId":"europe-west12","displayName":"Turin"},{"name":"projects/finalproject-e2984/locations/europe-west2","labels":{"appengine.googleapis.com/region":"europe-west2","cloud.googleapis.com/location":"europe-west2","cloud.googleapis.com/region":"europe-west2"},"metadata":{"@type":"type.googleapis.com/google.firestore.admin.v1.LocationMetadata"},"locationId":"europe-west2","displayName":"London"},{"name":"projects/finalproject-e2984/locations/europe-west3","labels":{"appengine.googleapis.com/region":"europe-west3","cloud.googleapis.com/location":"europe-west3","cloud.googleapis.com/region":"europe-west3"},"metadata":{"@type":"type.googleapis.com/google.firestore.admin.v1.LocationMetadata"},"locationId":"europe-west3","displayName":"Frankfurt"},{"name":"projects/finalproject-e2984/locations/europe-west4","labels":{"cloud.googleapis.com/location":"europe-west4","cloud.googleapis.com/region":"europe-west4"},"metadata":{"@type":"type.googleapis.com/google.firestore.admin.v1.LocationMetadata"},"locationId":"europe-west4","displayName":"Netherlands"},{"name":"projects/finalproject-e2984/locations/europe-west6","labels":{"appengine.googleapis.com/region":"europe-west6","cloud.googleapis.com/location":"europe-west6","cloud.googleapis.com/region":"europe-west6"},"metadata":{"@type":"type.googleapis.com/google.firestore.admin.v1.LocationMetadata"},"locationId":"europe-west6","displayName":"Zurich"},{"name":"projects/finalproject-e2984/locations/europe-west8","labels":{"cloud.googleapis.com/location":"europe-west8","cloud.googleapis.com/region":"europe-west8"},"metadata":{"@type":"type.googleapis.com/google.firestore.admin.v1.LocationMetadata"},"locationId":"europe-west8","displayName":"Milan"},{"name":"projects/finalproject-e2984/locations/europe-west9","labels":{"cloud.googleapis.com/location":"europe-west9","cloud.googleapis.com/region":"europe-west9"},"metadata":{"@type":"type.googleapis.com/google.firestore.admin.v1.LocationMetadata"},"locationId":"europe-west9","displayName":"Paris"},{"name":"projects/finalproject-e2984/locations/me-central1","labels":{"cloud.googleapis.com/location":"me-central1","cloud.googleapis.com/region":"me-central1"},"metadata":{"@type":"type.googleapis.com/google.firestore.admin.v1.LocationMetadata"},"locationId":"me-central1","displayName":"Doha"},{"name":"projects/finalproject-e2984/locations/me-central2","labels":{"cloud.googleapis.com/location":"me-central2","cloud.googleapis.com/region":"me-central2"},"metadata":{"@type":"type.googleapis.com/google.firestore.admin.v1.LocationMetadata"},"locationId":"me-central2","displayName":"Dammam"},{"name":"projects/finalproject-e2984/locations/me-west1","labels":{"cloud.googleapis.com/location":"me-west1","cloud.googleapis.com/region":"me-west1"},"metadata":{"@type":"type.googleapis.com/google.firestore.admin.v1.LocationMetadata"},"locationId":"me-west1","displayName":"Tel Aviv"},{"name":"projects/finalproject-e2984/locations/northamerica-northeast1","labels":{"appengine.googleapis.com/region":"northamerica-northeast1","cloud.googleapis.com/location":"northamerica-northeast1","cloud.googleapis.com/region":"northamerica-northeast1"},"metadata":{"@type":"type.googleapis.com/google.firestore.admin.v1.LocationMetadata"},"locationId":"northamerica-northeast1","displayName":"Montréal"},{"name":"projects/finalproject-e2984/locations/northamerica-northeast2","labels":{"cloud.googleapis.com/location":"northamerica-northeast2","cloud.googleapis.com/region":"northamerica-northeast2"},"metadata":{"@type":"type.googleapis.com/google.firestore.admin.v1.LocationMetadata"},"locationId":"northamerica-northeast2","displayName":"Toronto"},{"name":"projects/finalproject-e2984/locations/northamerica-south1","labels":{"cloud.googleapis.com/location":"northamerica-south1","cloud.googleapis.com/region":"northamerica-south1"},"metadata":{"@type":"type.googleapis.com/google.firestore.admin.v1.LocationMetadata"},"locationId":"northamerica-south1","displayName":"Mexico"},{"name":"projects/finalproject-e2984/locations/southamerica-east1","labels":{"appengine.googleapis.com/region":"southamerica-east1","cloud.googleapis.com/location":"southamerica-east1","cloud.googleapis.com/region":"southamerica-east1"},"metadata":{"@type":"type.googleapis.com/google.firestore.admin.v1.LocationMetadata"},"locationId":"southamerica-east1","displayName":"São Paulo"},{"name":"projects/finalproject-e2984/locations/southamerica-west1","labels":{"cloud.googleapis.com/location":"southamerica-west1","cloud.googleapis.com/region":"southamerica-west1"},"metadata":{"@type":"type.googleapis.com/google.firestore.admin.v1.LocationMetadata"},"locationId":"southamerica-west1","displayName":"Santiago"},{"name":"projects/finalproject-e2984/locations/us-central1","labels":{"cloud.googleapis.com/location":"us-central1","cloud.googleapis.com/region":"us-central1"},"metadata":{"@type":"type.googleapis.com/google.firestore.admin.v1.LocationMetadata"},"locationId":"us-central1","displayName":"Iowa"},{"name":"projects/finalproject-e2984/locations/us-east1","labels":{"appengine.googleapis.com/region":"us-east1","cloud.googleapis.com/location":"us-east1","cloud.googleapis.com/region":"us-east1"},"metadata":{"@type":"type.googleapis.com/google.firestore.admin.v1.LocationMetadata"},"locationId":"us-east1","displayName":"South Carolina"},{"name":"projects/finalproject-e2984/locations/us-east4","labels":{"appengine.googleapis.com/region":"us-east4","cloud.googleapis.com/location":"us-east4","cloud.googleapis.com/region":"us-east4"},"metadata":{"@type":"type.googleapis.com/google.firestore.admin.v1.LocationMetadata"},"locationId":"us-east4","displayName":"Northern Virginia"},{"name":"projects/finalproject-e2984/locations/us-east5","labels":{"cloud.googleapis.com/location":"us-east5","cloud.googleapis.com/region":"us-east5"},"metadata":{"@type":"type.googleapis.com/google.firestore.admin.v1.LocationMetadata"},"locationId":"us-east5","displayName":"Columbus"},{"name":"projects/finalproject-e2984/locations/us-south1","labels":{"cloud.googleapis.com/location":"us-south1","cloud.googleapis.com/region":"us-south1"},"metadata":{"@type":"type.googleapis.com/google.firestore.admin.v1.LocationMetadata"},"locationId":"us-south1","displayName":"Dallas"},{"name":"projects/finalproject-e2984/locations/us-west1","labels":{"appengine.googleapis.com/region":"us-west1","cloud.googleapis.com/location":"us-west1","cloud.googleapis.com/region":"us-west1"},"metadata":{"@type":"type.googleapis.com/google.firestore.admin.v1.LocationMetadata"},"locationId":"us-west1","displayName":"Oregon"},{"name":"projects/finalproject-e2984/locations/us-west2","labels":{"appengine.googleapis.com/region":"us-west2","cloud.googleapis.com/location":"us-west2","cloud.googleapis.com/region":"us-west2"},"metadata":{"@type":"type.googleapis.com/google.firestore.admin.v1.LocationMetadata"},"locationId":"us-west2","displayName":"Los Angeles"},{"name":"projects/finalproject-e2984/locations/us-west3","labels":{"appengine.googleapis.com/region":"us-west3","cloud.googleapis.com/location":"us-west3","cloud.googleapis.com/region":"us-west3"},"metadata":{"@type":"type.googleapis.com/google.firestore.admin.v1.LocationMetadata"},"locationId":"us-west3","displayName":"Salt Lake City"},{"name":"projects/finalproject-e2984/locations/us-west4","labels":{"appengine.googleapis.com/region":"us-west4","cloud.googleapis.com/location":"us-west4","cloud.googleapis.com/region":"us-west4"},"metadata":{"@type":"type.googleapis.com/google.firestore.admin.v1.LocationMetadata"},"locationId":"us-west4","displayName":"Las Vegas"},{"name":"projects/finalproject-e2984/locations/us-west8","labels":{"cloud.googleapis.com/location":"us-west8","cloud.googleapis.com/region":"us-west8"},"metadata":{"@type":"type.googleapis.com/google.firestore.admin.v1.LocationMetadata"},"locationId":"us-west8","displayName":"Phoenix"}]}
[info] 
[info] Firestore Security Rules allow you to define how and when to allow
[info] requests. You can keep these rules in your project directory
[info] and publish them with firebase deploy.
[info] 
[debug] [2025-08-17T13:31:38.083Z] Checked if tokens are valid: true, expires at: 1755440601822
[debug] [2025-08-17T13:31:38.083Z] Checked if tokens are valid: true, expires at: 1755440601822
[debug] [2025-08-17T13:31:38.084Z] >>> [apiv2][query] GET https://firebaserules.googleapis.com/v1/projects/finalproject-e2984/releases pageSize=10&pageToken=
[debug] [2025-08-17T13:31:38.777Z] <<< [apiv2][status] GET https://firebaserules.googleapis.com/v1/projects/finalproject-e2984/releases 200
[debug] [2025-08-17T13:31:38.777Z] <<< [apiv2][body] GET https://firebaserules.googleapis.com/v1/projects/finalproject-e2984/releases {}
[info] 
[info] Firestore indexes allow you to perform complex queries while
[info] maintaining performance that scales with the size of the result
[info] set. You can keep index definitions in your project directory
[info] and publish them with firebase deploy.
[info] 
[debug] [2025-08-17T13:31:45.310Z] Checked if tokens are valid: true, expires at: 1755440601822
[debug] [2025-08-17T13:31:45.310Z] Checked if tokens are valid: true, expires at: 1755440601822
[debug] [2025-08-17T13:31:45.310Z] Checked if tokens are valid: true, expires at: 1755440601822
[debug] [2025-08-17T13:31:45.310Z] Checked if tokens are valid: true, expires at: 1755440601822
[debug] [2025-08-17T13:31:45.311Z] >>> [apiv2][query] GET https://firestore.googleapis.com/v1/projects/finalproject-e2984/databases/(default)/collectionGroups/-/indexes [none]
[debug] [2025-08-17T13:31:45.317Z] >>> [apiv2][query] GET https://firestore.googleapis.com/v1/projects/finalproject-e2984/databases/(default)/collectionGroups/-/fields?filter=indexConfig.usesAncestorConfig=false OR ttlConfig:* [none]
[debug] [2025-08-17T13:31:45.553Z] <<< [apiv2][status] GET https://firestore.googleapis.com/v1/projects/finalproject-e2984/databases/(default)/collectionGroups/-/indexes 404
[debug] [2025-08-17T13:31:45.554Z] <<< [apiv2][body] GET https://firestore.googleapis.com/v1/projects/finalproject-e2984/databases/(default)/collectionGroups/-/indexes {"error":{"code":404,"message":"Project 'finalproject-e2984' or database '(default)' does not exist.","status":"NOT_FOUND"}}
[info] +  Wrote firestore.rules 
[info] +  Wrote firestore.indexes.json 
[debug] [2025-08-17T13:31:45.570Z] <<< [apiv2][status] GET https://firestore.googleapis.com/v1/projects/finalproject-e2984/databases/(default)/collectionGroups/-/fields?filter=indexConfig.usesAncestorConfig=false OR ttlConfig:* 404
[debug] [2025-08-17T13:31:45.570Z] <<< [apiv2][body] GET https://firestore.googleapis.com/v1/projects/finalproject-e2984/databases/(default)/collectionGroups/-/fields?filter=indexConfig.usesAncestorConfig=false OR ttlConfig:* {"error":{"code":404,"message":"Project 'finalproject-e2984' or database '(default)' does not exist.","status":"NOT_FOUND"}}
[info] 
=== Functions Setup
[debug] [2025-08-17T13:31:45.740Z] > command requires scopes: ["email","openid","https://www.googleapis.com/auth/cloudplatformprojects.readonly","https://www.googleapis.com/auth/firebase","https://www.googleapis.com/auth/cloud-platform"]
[debug] [2025-08-17T13:31:45.740Z] > authorizing via signed-in user (varaprasad2403@gmail.com)
[debug] [2025-08-17T13:31:45.740Z] [iam] checking project finalproject-e2984 for permissions ["firebase.projects.get"]
[debug] [2025-08-17T13:31:45.741Z] Checked if tokens are valid: true, expires at: 1755440601822
[debug] [2025-08-17T13:31:45.742Z] Checked if tokens are valid: true, expires at: 1755440601822
[debug] [2025-08-17T13:31:45.742Z] >>> [apiv2][query] POST https://cloudresourcemanager.googleapis.com/v1/projects/finalproject-e2984:testIamPermissions [none]
[debug] [2025-08-17T13:31:45.743Z] >>> [apiv2][(partial)header] POST https://cloudresourcemanager.googleapis.com/v1/projects/finalproject-e2984:testIamPermissions x-goog-quota-user=projects/finalproject-e2984
[debug] [2025-08-17T13:31:45.743Z] >>> [apiv2][body] POST https://cloudresourcemanager.googleapis.com/v1/projects/finalproject-e2984:testIamPermissions {"permissions":["firebase.projects.get"]}
[debug] [2025-08-17T13:31:47.052Z] <<< [apiv2][status] POST https://cloudresourcemanager.googleapis.com/v1/projects/finalproject-e2984:testIamPermissions 200
[debug] [2025-08-17T13:31:47.052Z] <<< [apiv2][body] POST https://cloudresourcemanager.googleapis.com/v1/projects/finalproject-e2984:testIamPermissions {"permissions":["firebase.projects.get"]}
[debug] [2025-08-17T13:31:47.053Z] Checked if tokens are valid: true, expires at: 1755440601822
[debug] [2025-08-17T13:31:47.053Z] Checked if tokens are valid: true, expires at: 1755440601822
[debug] [2025-08-17T13:31:47.053Z] Checked if tokens are valid: true, expires at: 1755440601822
[debug] [2025-08-17T13:31:47.053Z] Checked if tokens are valid: true, expires at: 1755440601822
[debug] [2025-08-17T13:31:47.054Z] >>> [apiv2][query] GET https://serviceusage.googleapis.com/v1/projects/finalproject-e2984/services/cloudfunctions.googleapis.com [none]
[debug] [2025-08-17T13:31:47.054Z] >>> [apiv2][(partial)header] GET https://serviceusage.googleapis.com/v1/projects/finalproject-e2984/services/cloudfunctions.googleapis.com x-goog-quota-user=projects/finalproject-e2984
[debug] [2025-08-17T13:31:47.056Z] >>> [apiv2][query] GET https://serviceusage.googleapis.com/v1/projects/finalproject-e2984/services/runtimeconfig.googleapis.com [none]
[debug] [2025-08-17T13:31:47.057Z] >>> [apiv2][(partial)header] GET https://serviceusage.googleapis.com/v1/projects/finalproject-e2984/services/runtimeconfig.googleapis.com x-goog-quota-user=projects/finalproject-e2984
[debug] [2025-08-17T13:31:48.636Z] <<< [apiv2][status] GET https://serviceusage.googleapis.com/v1/projects/finalproject-e2984/services/cloudfunctions.googleapis.com 200
[debug] [2025-08-17T13:31:48.636Z] <<< [apiv2][body] GET https://serviceusage.googleapis.com/v1/projects/finalproject-e2984/services/cloudfunctions.googleapis.com [omitted]
[debug] [2025-08-17T13:31:48.636Z] Checked if tokens are valid: true, expires at: 1755440601822
[debug] [2025-08-17T13:31:48.637Z] Checked if tokens are valid: true, expires at: 1755440601822
[debug] [2025-08-17T13:31:48.637Z] >>> [apiv2][query] POST https://serviceusage.googleapis.com/v1/projects/finalproject-e2984/services/cloudfunctions.googleapis.com:enable [none]
[debug] [2025-08-17T13:31:48.637Z] >>> [apiv2][(partial)header] POST https://serviceusage.googleapis.com/v1/projects/finalproject-e2984/services/cloudfunctions.googleapis.com:enable x-goog-quota-user=projects/finalproject-e2984
[debug] [2025-08-17T13:31:48.670Z] <<< [apiv2][status] GET https://serviceusage.googleapis.com/v1/projects/finalproject-e2984/services/runtimeconfig.googleapis.com 200
[debug] [2025-08-17T13:31:48.671Z] <<< [apiv2][body] GET https://serviceusage.googleapis.com/v1/projects/finalproject-e2984/services/runtimeconfig.googleapis.com [omitted]
[debug] [2025-08-17T13:31:49.151Z] <<< [apiv2][status] POST https://serviceusage.googleapis.com/v1/projects/finalproject-e2984/services/cloudfunctions.googleapis.com:enable 200
[debug] [2025-08-17T13:31:49.152Z] <<< [apiv2][body] POST https://serviceusage.googleapis.com/v1/projects/finalproject-e2984/services/cloudfunctions.googleapis.com:enable [omitted]
[info] Let's create a new codebase for your functions.
[info] A directory corresponding to the codebase will be created in your project
[info] with sample code pre-configured.

[info] See https://firebase.google.com/docs/functions/organize-functions for
[info] more information on organizing your functions using codebases.

[info] Functions can be deployed with firebase deploy.

[info] +  Wrote functions/requirements.txt 
[info] +  Wrote functions/.gitignore 
[info] +  Wrote functions/main.py 
[debug] [2025-08-17T13:33:07.770Z] Running command with virtualenv: command="D:\final project\after_testing\functions\venv\Scripts\activate.bat", args=["","&&","pip3","install","--upgrade","pip"]
[debug] [2025-08-17T13:33:11.107Z] Error: spawn "D:\final project\after_testing\functions\venv\Scripts\activate.bat" ENOENT
    at notFoundError (C:\Users\ASUS\AppData\Roaming\npm\node_modules\firebase-tools\node_modules\cross-spawn\lib\enoent.js:6:26)
    at verifyENOENT (C:\Users\ASUS\AppData\Roaming\npm\node_modules\firebase-tools\node_modules\cross-spawn\lib\enoent.js:40:16)
    at cp.emit (C:\Users\ASUS\AppData\Roaming\npm\node_modules\firebase-tools\node_modules\cross-spawn\lib\enoent.js:27:25)
    at ChildProcess._handle.onexit (node:internal/child_process:293:12)
    at Process.callbackTrampoline (node:internal/async_hooks:130:17)
[error] 
[error] Error: An unexpected error has occurred.
